TN:
SF:src/app.ts
FN:39,(anonymous_1)
FNF:1
FNH:0
FNDA:0,(anonymous_1)
DA:1,1
DA:3,1
DA:4,1
DA:5,1
DA:7,1
DA:8,1
DA:9,1
DA:11,1
DA:12,1
DA:13,1
DA:16,1
DA:19,1
DA:21,1
DA:22,1
DA:25,1
DA:28,1
DA:31,1
DA:32,1
DA:33,1
DA:34,1
DA:37,1
DA:39,1
DA:40,0
DA:44,1
DA:47,1
DA:49,1
LF:26
LH:25
BRF:0
BRH:0
end_of_record
TN:
SF:src/routes.ts
FN:6,(anonymous_1)
FNF:1
FNH:1
FNDA:1,(anonymous_1)
DA:1,1
DA:2,1
DA:4,1
DA:6,1
DA:7,1
DA:10,1
LF:6
LH:6
BRF:0
BRH:0
end_of_record
TN:
SF:src/server.ts
FN:6,(anonymous_1)
FNF:1
FNH:1
FNDA:1,(anonymous_1)
DA:1,1
DA:6,1
DA:7,1
DA:14,1
LF:4
LH:4
BRF:0
BRH:0
end_of_record
TN:
SF:src/app/reporting/application/generateSongReport.ts
FN:1,(anonymous_0)
FNF:1
FNH:0
FNDA:0,(anonymous_0)
DA:1,1
LF:1
LH:1
BRF:0
BRH:0
end_of_record
TN:
SF:src/app/reporting/application/index.ts
FNF:0
FNH:0
DA:1,1
LF:1
LH:1
BRF:0
BRH:0
end_of_record
TN:
SF:src/shared/config/ApiError.ts
FN:5,(anonymous_0)
FNF:1
FNH:1
FNDA:5,(anonymous_0)
DA:11,5
DA:12,5
DA:13,5
DA:14,5
DA:15,1
DA:16,4
DA:20,2
LF:7
LH:7
BRDA:8,0,0,4
BRDA:9,1,0,4
BRDA:14,2,0,1
BRDA:14,2,1,4
BRF:4
BRH:4
end_of_record
TN:
SF:src/shared/config/corsOptions.ts
FN:7,(anonymous_0)
FNF:1
FNH:1
FNDA:1,(anonymous_0)
DA:1,2
DA:3,2
DA:5,2
DA:7,2
DA:9,1
DA:10,1
DA:14,1
DA:15,0
DA:21,1
DA:24,1
LF:10
LH:9
BRDA:10,0,0,0
BRDA:10,0,1,1
BRDA:14,1,0,0
BRDA:14,1,1,1
BRF:4
BRH:2
end_of_record
TN:
SF:src/shared/config/env.ts
FNF:0
FNH:0
DA:1,2
DA:3,2
DA:4,2
DA:6,2
DA:8,2
DA:9,2
DA:11,2
DA:12,2
LF:8
LH:8
BRDA:11,0,0,2
BRDA:11,0,1,0
BRDA:12,1,0,0
BRDA:12,1,1,2
BRF:4
BRH:2
end_of_record
TN:
SF:src/shared/config/index.ts
FN:3,(anonymous_5)
FNF:1
FNH:1
FNDA:7,(anonymous_5)
DA:1,2
DA:2,2
DA:3,9
LF:3
LH:3
BRF:0
BRH:0
end_of_record
TN:
SF:src/shared/middlewares/errorConverter.ts
FN:17,(anonymous_1)
FNF:1
FNH:0
FNDA:0,(anonymous_1)
DA:1,1
DA:3,1
DA:17,1
DA:23,0
DA:24,0
DA:25,0
DA:28,0
DA:29,0
DA:31,0
LF:9
LH:3
BRDA:24,0,0,0
BRDA:25,1,0,0
BRDA:25,1,1,0
BRDA:28,2,0,0
BRDA:28,2,1,0
BRF:5
BRH:0
end_of_record
TN:
SF:src/shared/middlewares/errorHandler.ts
FN:5,(anonymous_1)
FNF:1
FNH:0
FNDA:0,(anonymous_1)
DA:1,1
DA:3,1
DA:5,1
DA:6,0
DA:7,0
DA:8,0
DA:9,0
DA:12,0
DA:14,0
DA:20,0
DA:22,0
LF:11
LH:3
BRDA:7,0,0,0
BRDA:7,1,0,0
BRDA:7,1,1,0
BRDA:17,2,0,0
BRDA:17,2,1,0
BRDA:20,3,0,0
BRF:6
BRH:0
end_of_record
TN:
SF:src/shared/middlewares/index.ts
FNF:0
FNH:0
DA:1,1
DA:2,1
LF:2
LH:2
BRF:0
BRH:0
end_of_record
